[2024-05-12 06:15:00,951:INFO:main:welcome to our custom log]
[2024-05-12 06:17:14,383:INFO:main:welcome to our custom log]
[2024-05-12 16:39:52,408: INFO: common: yaml file: config\config.yaml loaded successfully]
[2024-05-12 16:39:52,432: INFO: common: yaml file: params.yaml loaded successfully]
[2024-05-12 16:39:52,442: INFO: common: created directory at: artifacts]
[2024-05-12 16:39:52,444: INFO: common: created directory at: artifacts/data_ingestion]
[2024-05-12 16:39:52,445: INFO: 986331348: Downloading data from https://drive.google.com/file/d/1YhKFP8rX6afx5gPFRux2kSXv9KEs6un7/view?usp=sharing into file artifacts/data_ingestion/data.zip]
[2024-05-12 16:40:19,579: INFO: 986331348: Downloaded data from https://drive.google.com/file/d/1YhKFP8rX6afx5gPFRux2kSXv9KEs6un7/view?usp=sharing into file artifacts/data_ingestion/data.zip]
[2024-05-12 17:00:45,698: INFO: main: welcome to our custom log]
[2024-05-12 17:01:40,463:INFO:main:welcome to our custom log]
[2024-05-12 17:02:39,620: INFO: main: welcome to our custom log]
[2024-05-12 18:59:24,382: INFO: main: >>>>>> stage Data Ingestion stage started <<<<<<]
[2024-05-12 18:59:24,405: INFO: common: yaml file: config\config.yaml loaded successfully]
[2024-05-12 18:59:24,405: INFO: common: yaml file: params.yaml loaded successfully]
[2024-05-12 18:59:24,406: INFO: common: created directory at: artifacts]
[2024-05-12 18:59:24,407: INFO: common: created directory at: artifacts/data_ingestion]
[2024-05-12 18:59:24,407: INFO: data_ingestion: Downloading data from https://drive.google.com/file/d/1YhKFP8rX6afx5gPFRux2kSXv9KEs6un7/view?usp=sharing into file artifacts/data_ingestion/data.zip]
[2024-05-12 18:59:51,953: INFO: data_ingestion: Downloaded data from https://drive.google.com/file/d/1YhKFP8rX6afx5gPFRux2kSXv9KEs6un7/view?usp=sharing into file artifacts/data_ingestion/data.zip]
[2024-05-12 18:59:53,236: INFO: main: >>>>>> stage Data Ingestion stage completed <<<<<<

x==========x]
